DirectLinkSdk/build/intermediates/manifest_merge_blame_file/debug/manifest-merger-blame-debug-report.txt
1<?xml version="1.0" encoding="utf-8"?>
2<manifest xmlns:android="http://schemas.android.com/apk/res/android"
3    package="com.sdk.direct.link.open.on.fail.sdk" >
4
5    <uses-sdk
6        android:minSdkVersion="21"
6-->src\main\AndroidManifest.xml
7        android:targetSdkVersion="33" />
7-->src\main\AndroidManifest.xml
8
9    <uses-permission android:name="android.permission.ACCESS_NETWORK_STATE" />
9-->src\main\AndroidManifest.xml:5:5-79
9-->src\main\AndroidManifest.xml:5:22-76
10    <uses-permission android:name="android.permission.INTERNET" />
10-->src\main\AndroidManifest.xml:6:5-67
10-->src\main\AndroidManifest.xml:6:22-64
11    <uses-permission android:name="android.permission.ACCESS_WIFI_STATE" />
11-->src\main\AndroidManifest.xml:7:5-76
11-->src\main\AndroidManifest.xml:7:22-73
12
13    <application
13-->src\main\AndroidManifest.xml:9:5-19:19
14        android:allowBackup="true"
14-->src\main\AndroidManifest.xml:10:9-35
15        android:hardwareAccelerated="true"
15-->src\main\AndroidManifest.xml:11:9-43
16        android:largeHeap="true"
16-->src\main\AndroidManifest.xml:12:9-33
17        android:requestLegacyExternalStorage="true"
17-->src\main\AndroidManifest.xml:13:9-52
18        android:supportsRtl="true"
18-->src\main\AndroidManifest.xml:14:9-35
19        android:theme="@style/AppTheme"
19-->src\main\AndroidManifest.xml:15:9-40
20        android:usesCleartextTraffic="true" >
20-->src\main\AndroidManifest.xml:16:9-44
21    </application>
22
23</manifest>